[ 2025-03-23 00:31:42,083 ] 1025 httpx - INFO - HTTP Request: GET https://dagshub.com/api/v1/user "HTTP/1.1 200 OK"
[ 2025-03-23 00:31:42,088 ] 107 dagshub - INFO - Accessing as mustafa90-D
[ 2025-03-23 00:31:42,780 ] 1025 httpx - INFO - HTTP Request: GET https://dagshub.com/api/v1/repos/mustafa90-D/netwrok_mlops "HTTP/1.1 200 OK"
[ 2025-03-23 00:31:43,001 ] 1025 httpx - INFO - HTTP Request: GET https://dagshub.com/api/v1/user "HTTP/1.1 200 OK"
[ 2025-03-23 00:31:43,006 ] 107 dagshub - INFO - Initialized MLflow to track repo "mustafa90-D/netwrok_mlops"
[ 2025-03-23 00:31:43,008 ] 107 dagshub - INFO - Repository mustafa90-D/netwrok_mlops initialized!
[ 2025-03-23 00:31:43,013 ] 21 root - INFO - Initiating data ingestion
[ 2025-03-23 00:31:54,967 ] 73 root - INFO - Performed train test split on the dataframe
[ 2025-03-23 00:31:54,967 ] 75 root - INFO - Exited split_data_as_train_test method of Data_Ingestion class
[ 2025-03-23 00:31:54,967 ] 83 root - INFO - Exporting train and test file path.
[ 2025-03-23 00:31:55,158 ] 92 root - INFO - Exported train and test file path.
[ 2025-03-23 00:31:55,160 ] 23 root - INFO - Data ingestion completed
[ 2025-03-23 00:31:55,166 ] 32 root - INFO - Initiating data validation
[ 2025-03-23 00:31:55,266 ] 32 root - INFO - Required number of columns:2
[ 2025-03-23 00:31:55,266 ] 33 root - INFO - Data frame has columns:31
[ 2025-03-23 00:31:55,266 ] 32 root - INFO - Required number of columns:2
[ 2025-03-23 00:31:55,266 ] 33 root - INFO - Data frame has columns:31
[ 2025-03-23 00:31:55,712 ] 34 root - INFO - Data validation completed
[ 2025-03-23 00:31:55,712 ] 38 root - INFO - Starting data transformation
[ 2025-03-23 00:31:55,712 ] 63 root - INFO - Entered initiate_data_transformation method of DataTransformation class
[ 2025-03-23 00:31:55,712 ] 65 root - INFO - Starting data transformation
[ 2025-03-23 00:31:55,794 ] 48 root - INFO - Entered get_data_trnasformer_object method of Trnasformation class
[ 2025-03-23 00:31:55,794 ] 53 root - INFO - Initialise KNNImputer with {'missing_values': nan, 'n_neighbors': 3, 'weights': 'uniform'}
[ 2025-03-23 00:31:55,821 ] 46 root - INFO - Entered the save_object method of MainUtils class
[ 2025-03-23 00:31:55,827 ] 50 root - INFO - Exited the save_object method of MainUtils class
[ 2025-03-23 00:31:55,827 ] 46 root - INFO - Entered the save_object method of MainUtils class
[ 2025-03-23 00:31:55,833 ] 50 root - INFO - Exited the save_object method of MainUtils class
[ 2025-03-23 00:31:55,838 ] 44 root - INFO - Data transformation completed
[ 2025-03-23 00:31:55,838 ] 46 root - INFO - Starting model training
