[ 2025-03-22 01:46:27,307 ] 1025 httpx - INFO - HTTP Request: GET https://dagshub.com/api/v1/user "HTTP/1.1 200 OK"
[ 2025-03-22 01:46:27,324 ] 107 dagshub - INFO - Accessing as mustafa90-D
[ 2025-03-22 01:46:27,716 ] 1025 httpx - INFO - HTTP Request: GET https://dagshub.com/api/v1/repos/mustafa90-D/netwrok_mlops "HTTP/1.1 200 OK"
[ 2025-03-22 01:46:28,022 ] 1025 httpx - INFO - HTTP Request: GET https://dagshub.com/api/v1/user "HTTP/1.1 200 OK"
[ 2025-03-22 01:46:28,029 ] 107 dagshub - INFO - Initialized MLflow to track repo "mustafa90-D/netwrok_mlops"
[ 2025-03-22 01:46:28,032 ] 107 dagshub - INFO - Repository mustafa90-D/netwrok_mlops initialized!
[ 2025-03-22 01:46:28,041 ] 21 root - INFO - Initiating data ingestion
[ 2025-03-22 01:46:38,972 ] 73 root - INFO - Performed train test split on the dataframe
[ 2025-03-22 01:46:38,973 ] 75 root - INFO - Exited split_data_as_train_test method of Data_Ingestion class
[ 2025-03-22 01:46:38,974 ] 83 root - INFO - Exporting train and test file path.
[ 2025-03-22 01:46:40,056 ] 92 root - INFO - Exported train and test file path.
[ 2025-03-22 01:46:40,063 ] 23 root - INFO - Data ingestion completed
[ 2025-03-22 01:46:40,120 ] 32 root - INFO - Initiating data validation
[ 2025-03-22 01:46:40,518 ] 32 root - INFO - Required number of columns:2
[ 2025-03-22 01:46:40,519 ] 33 root - INFO - Data frame has columns:31
[ 2025-03-22 01:46:40,519 ] 32 root - INFO - Required number of columns:2
[ 2025-03-22 01:46:40,519 ] 33 root - INFO - Data frame has columns:31
[ 2025-03-22 01:46:42,854 ] 34 root - INFO - Data validation completed
[ 2025-03-22 01:46:42,857 ] 38 root - INFO - Starting data transformation
[ 2025-03-22 01:46:42,857 ] 63 root - INFO - Entered initiate_data_transformation method of DataTransformation class
[ 2025-03-22 01:46:42,857 ] 65 root - INFO - Starting data transformation
[ 2025-03-22 01:46:43,273 ] 48 root - INFO - Entered get_data_trnasformer_object method of Trnasformation class
[ 2025-03-22 01:46:43,273 ] 53 root - INFO - Initialise KNNImputer with {'missing_values': nan, 'n_neighbors': 3, 'weights': 'uniform'}
[ 2025-03-22 01:46:43,374 ] 46 root - INFO - Entered the save_object method of MainUtils class
[ 2025-03-22 01:46:43,401 ] 50 root - INFO - Exited the save_object method of MainUtils class
[ 2025-03-22 01:46:43,401 ] 46 root - INFO - Entered the save_object method of MainUtils class
[ 2025-03-22 01:46:43,427 ] 50 root - INFO - Exited the save_object method of MainUtils class
[ 2025-03-22 01:46:43,444 ] 44 root - INFO - Data transformation completed
[ 2025-03-22 01:46:43,444 ] 46 root - INFO - Starting model training
